<?xml version="1.0" encoding="UTF-8"?>
<!-- Generated by org.testng.reporters.JUnitReportReporter -->
<testsuite hostname="DESKTOP-175D9K0" failures="0" tests="2" name="testNG.Scenario1" time="0.042" errors="0" timestamp="2024-02-13T15:30:59 IST" skipped="0">
  <testcase classname="testNG.Scenario1" name="search" time="0.036"/>
  <testcase classname="testNG.Scenario1" name="addProduct" time="0.006"/>
</testsuite> <!-- testNG.Scenario1 -->
