<?xml version="1.0" encoding="UTF-8"?>
<!-- Generated by org.testng.reporters.JUnitReportReporter -->
<testsuite hostname="DESKTOP-175D9K0" failures="0" tests="4" name="testNG.ParallelTest" time="19.508" errors="0" timestamp="2024-02-20T12:53:22 IST" skipped="0">
  <testcase classname="testNG.ParallelTest" name="launch" time="4.016"/>
  <testcase classname="testNG.ParallelTest" name="launch" time="5.583"/>
  <testcase classname="testNG.ParallelTest" name="login" time="6.108"/>
  <testcase classname="testNG.ParallelTest" name="login" time="3.801"/>
</testsuite> <!-- testNG.ParallelTest -->
