<?xml version="1.0" encoding="UTF-8"?>
<!-- Generated by org.testng.reporters.JUnitReportReporter -->
<testsuite hostname="DESKTOP-175D9K0" failures="0" tests="1" name="dataDriven.WriteExcel" time="1.896" errors="0" timestamp="2024-02-27T14:40:02 IST" skipped="0">
  <testcase classname="dataDriven.WriteExcel" name="excelwrite" time="1.896"/>
</testsuite> <!-- dataDriven.WriteExcel -->
