<?xml version="1.0" encoding="UTF-8"?>
<!-- Generated by org.testng.reporters.JUnitReportReporter -->
<testsuite hostname="DESKTOP-175D9K0" failures="0" tests="2" name="testNG.Class2" time="0.016" errors="0" timestamp="2024-02-14T12:20:21 IST" skipped="0">
  <testcase classname="testNG.Class2" name="search" time="0.011"/>
  <testcase classname="testNG.Class2" name="addproduct" time="0.005"/>
</testsuite> <!-- testNG.Class2 -->
