<?xml version="1.0" encoding="UTF-8"?>
<!-- Generated by org.testng.reporters.JUnitReportReporter -->
<testsuite hostname="DESKTOP-175D9K0" failures="0" tests="1" name="testNG.GroupingTest" time="6.895" errors="0" timestamp="2024-02-19T12:34:43 IST" skipped="0">
  <testcase classname="testNG.GroupingTest" name="amazon" time="6.895"/>
</testsuite> <!-- testNG.GroupingTest -->
