<?xml version="1.0" encoding="UTF-8"?>
<!-- Generated by org.testng.reporters.JUnitReportReporter -->
<testsuite hostname="DESKTOP-175D9K0" failures="0" tests="2" name="testNG.DataProviderTestng" time="26.289" errors="0" timestamp="2024-02-20T12:03:13 IST" skipped="0">
  <testcase classname="testNG.DataProviderTestng" name="login" time="10.444"/>
  <testcase classname="testNG.DataProviderTestng" name="login" time="15.845"/>
</testsuite> <!-- testNG.DataProviderTestng -->
