<?xml version="1.0" encoding="UTF-8"?>
<!-- Generated by org.testng.reporters.JUnitReportReporter -->
<testsuite hostname="DESKTOP-175D9K0" failures="0" tests="1" name="dataDriven.ReadExcel" time="1.958" errors="0" timestamp="2024-02-26T12:56:25 IST" skipped="0">
  <testcase classname="dataDriven.ReadExcel" name="excelread" time="1.958"/>
</testsuite> <!-- dataDriven.ReadExcel -->
