<?xml version="1.0" encoding="UTF-8"?>
<!-- Generated by org.testng.reporters.JUnitReportReporter -->
<testsuite hostname="DESKTOP-175D9K0" failures="0" tests="2" name="testNG.GroupingTestng" time="0.023" errors="0" timestamp="2024-02-19T12:25:38 IST" skipped="0">
  <testcase classname="testNG.GroupingTestng" name="login" time="0.005"/>
  <testcase classname="testNG.GroupingTestng" name="launch" time="0.018"/>
</testsuite> <!-- testNG.GroupingTestng -->
