<?xml version="1.0" encoding="UTF-8"?>
<!-- Generated by org.testng.reporters.JUnitReportReporter -->
<testsuite hostname="DESKTOP-175D9K0" failures="0" tests="2" name="testNG.Test1" time="0.033" errors="0" timestamp="2024-02-12T16:39:15 IST" skipped="0">
  <testcase classname="testNG.Test1" name="test1" time="0.018"/>
  <testcase classname="testNG.Test1" name="test2" time="0.015"/>
</testsuite> <!-- testNG.Test1 -->
