<?xml version="1.0" encoding="UTF-8"?>
<!-- Generated by org.testng.reporters.JUnitReportReporter -->
<testsuite hostname="DESKTOP-175D9K0" failures="0" tests="1" name="dataDriven.TestCase" time="9.388" errors="0" timestamp="2024-02-28T11:35:59 IST" skipped="0">
  <testcase classname="dataDriven.TestCase" name="login" time="9.388"/>
</testsuite> <!-- dataDriven.TestCase -->
