<?xml version="1.0" encoding="UTF-8"?>
<!-- Generated by org.testng.reporters.JUnitReportReporter -->
<testsuite hostname="DESKTOP-175D9K0" failures="0" tests="1" name="testNG.Class1" time="0.012" errors="0" timestamp="2024-02-14T12:17:00 IST" skipped="0">
  <testcase classname="testNG.Class1" name="search" time="0.012"/>
</testsuite> <!-- testNG.Class1 -->
