<?xml version="1.0" encoding="UTF-8"?>
<!-- Generated by org.testng.reporters.JUnitReportReporter -->
<testsuite hostname="DESKTOP-175D9K0" failures="0" tests="2" name="testNG.FirstTest" time="10.138" errors="0" timestamp="2024-02-07T12:50:11 IST" skipped="0">
  <testcase classname="testNG.FirstTest" name="openApp" time="9.588"/>
  <testcase classname="testNG.FirstTest" name="close" time="0.550"/>
</testsuite> <!-- testNG.FirstTest -->
