<?xml version="1.0" encoding="UTF-8"?>
<!-- Generated by org.testng.reporters.JUnitReportReporter -->
<testsuite hostname="DESKTOP-175D9K0" failures="0" tests="2" name="testNG.Scenario3" time="0.012" errors="0" timestamp="2024-02-14T12:06:52 IST" skipped="0">
  <testcase classname="testNG.Scenario3" name="search" time="0.010"/>
  <testcase classname="testNG.Scenario3" name="addproduct" time="0.002"/>
</testsuite> <!-- testNG.Scenario3 -->
