<?xml version="1.0" encoding="UTF-8"?>
<!-- Generated by org.testng.reporters.JUnitReportReporter -->
<testsuite hostname="DESKTOP-175D9K0" failures="0" tests="2" name="testNG.Scenario2" time="0.014" errors="0" timestamp="2024-02-13T15:37:49 IST" skipped="0">
  <testcase classname="testNG.Scenario2" name="search" time="0.008"/>
  <testcase classname="testNG.Scenario2" name="addproduct" time="0.006"/>
</testsuite> <!-- testNG.Scenario2 -->
