<?xml version="1.0" encoding="UTF-8"?>
<!-- Generated by org.testng.reporters.JUnitReportReporter -->
<testsuite hostname="DESKTOP-175D9K0" failures="0" tests="2" name="testNG.Scenario4" time="0.025" errors="0" timestamp="2024-02-14T12:31:23 IST" skipped="0">
  <testcase classname="testNG.Scenario4" name="test1" time="0.019"/>
  <testcase classname="testNG.Scenario4" name="test2" time="0.006"/>
</testsuite> <!-- testNG.Scenario4 -->
