<?xml version="1.0" encoding="UTF-8"?>
<!-- Generated by org.testng.reporters.JUnitReportReporter -->
<testsuite hostname="DESKTOP-175D9K0" failures="0" tests="4" name="testNG.ParallelCrossBrowserTest" time="31.566" errors="0" timestamp="2024-02-21T14:54:00 IST" skipped="0">
  <testcase classname="testNG.ParallelCrossBrowserTest" name="launch" time="12.115"/>
  <testcase classname="testNG.ParallelCrossBrowserTest" name="launch" time="7.446"/>
  <testcase classname="testNG.ParallelCrossBrowserTest" name="login" time="9.436"/>
  <testcase classname="testNG.ParallelCrossBrowserTest" name="login" time="2.569"/>
</testsuite> <!-- testNG.ParallelCrossBrowserTest -->
